<?xml version="1.0" encoding="UTF-8"?>
<!-- Generated by org.testng.reporters.JUnitReportReporter -->
<testsuite skipped="0" hostname="Nitin-Tech" name="UIANDRESTASSURED.PostmethodResponse" tests="1" failures="0" timestamp="2023-05-30T15:43:15 IST" time="1.988" errors="0">
  <testcase name="PostMethodResponseCreatedSuccessfully" time="1.988" classname="UIANDRESTASSURED.PostmethodResponse"/>
  <system-out/>
</testsuite> <!-- UIANDRESTASSURED.PostmethodResponse -->
