<?xml version="1.0" encoding="UTF-8"?>
<!-- Generated by org.testng.reporters.JUnitReportReporter -->
<testsuite skipped="0" hostname="Nitin-Tech" name="UIANDRESTASSURED.PostmethodResponse" tests="5" failures="0" timestamp="2023-06-03T20:44:28 IST" time="24.510" errors="0">
  <testcase name="launchBrowser" time="15.903" classname="UIANDRESTASSURED.PostmethodResponse"/>
  <system-out/>
  <testcase name="PostMethodResponseCreatedSuccessfully" time="4.617" classname="UIANDRESTASSURED.PostmethodResponse"/>
  <system-out/>
  <testcase name="GetmethodResponse" time="1.320" classname="UIANDRESTASSURED.PostmethodResponse"/>
  <system-out/>
  <testcase name="PostMethodResponse" time="1.460" classname="UIANDRESTASSURED.PostmethodResponse"/>
  <system-out/>
  <testcase name="PatchMethodResponse" time="1.210" classname="UIANDRESTASSURED.PostmethodResponse"/>
  <system-out/>
</testsuite> <!-- UIANDRESTASSURED.PostmethodResponse -->
