<?xml version="1.0" encoding="UTF-8"?>
<!-- Generated by org.testng.reporters.JUnitReportReporter -->
<testsuite skipped="0" hostname="Nitin-Tech" name="UIANDRESTASSURED.PostmethodResponse" tests="5" failures="0" timestamp="2023-06-02T18:29:53 IST" time="18.588" errors="0">
  <testcase name="launchBrowser" time="14.888" classname="UIANDRESTASSURED.PostmethodResponse"/>
  <system-out/>
  <testcase name="PostMethodResponseCreatedSuccessfully" time="2.344" classname="UIANDRESTASSURED.PostmethodResponse"/>
  <system-out/>
  <testcase name="GetmethodResponse" time="0.301" classname="UIANDRESTASSURED.PostmethodResponse"/>
  <system-out/>
  <testcase name="PostMethodResponse" time="0.521" classname="UIANDRESTASSURED.PostmethodResponse"/>
  <system-out/>
  <testcase name="PatchMethodResponse" time="0.534" classname="UIANDRESTASSURED.PostmethodResponse"/>
  <system-out/>
</testsuite> <!-- UIANDRESTASSURED.PostmethodResponse -->
