<?xml version="1.0" encoding="UTF-8"?>
<!-- Generated by org.testng.reporters.JUnitReportReporter -->
<testsuite skipped="0" hostname="Nitin-Tech" name="UIANDRESTASSURED.PostmethodResponse" tests="3" failures="0" timestamp="2023-06-01T16:09:32 IST" time="21.587" errors="0">
  <testcase name="PostMethodResponseCreatedSuccessfully" time="2.134" classname="UIANDRESTASSURED.PostmethodResponse"/>
  <system-out/>
  <testcase name="GetmethodResponse" time="0.290" classname="UIANDRESTASSURED.PostmethodResponse"/>
  <system-out/>
  <testcase name="launchBrowser" time="19.163" classname="UIANDRESTASSURED.PostmethodResponse"/>
  <system-out/>
</testsuite> <!-- UIANDRESTASSURED.PostmethodResponse -->
