<?xml version="1.0" encoding="UTF-8"?>
<!-- Generated by org.testng.reporters.JUnitReportReporter -->
<testsuite skipped="0" hostname="Nitin-Tech" name="TESTING.REQRESFRAMEWORK.AppTest" tests="1" failures="0" timestamp="2023-06-03T20:44:28 IST" time="26.978" errors="0">
  <testcase name="shouldAnswerWithTrue" time="26.978" classname="TESTING.REQRESFRAMEWORK.AppTest"/>
  <system-out/>
</testsuite> <!-- TESTING.REQRESFRAMEWORK.AppTest -->
