<?xml version="1.0" encoding="UTF-8"?>
<!-- Generated by org.testng.reporters.JUnitReportReporter -->
<testsuite skipped="0" hostname="Nitin-Tech" name="TESTING.REQRESFRAMEWORK.AppTest" tests="1" failures="0" timestamp="2023-06-02T18:29:53 IST" time="18.740" errors="0">
  <testcase name="shouldAnswerWithTrue" time="18.740" classname="TESTING.REQRESFRAMEWORK.AppTest"/>
  <system-out/>
</testsuite> <!-- TESTING.REQRESFRAMEWORK.AppTest -->
